Error: EACCES: permission denied, scandir '/home/luciano/php/laravel/test-perfect-pay-lara-pavue/storage/app/.glide-cache'
	at Object.readdirSync (node:fs:1529:3)
	at t.readdirSync (node:electron/js2c/node_init:2:11289)
	at isDirEmpty (/home/luciano/.vscode/extensions/qiu8310.dot-template-vscode-0.4.0/node_modules/dot-template-core/out/core/commands/Command.js:66:113)
	at /home/luciano/.vscode/extensions/qiu8310.dot-template-vscode-0.4.0/node_modules/dot-template-core/out/core/commands/Command.js:72:64
	at Array.filter (<anonymous>)
	at Command.filter (/home/luciano/.vscode/extensions/qiu8310.dot-template-vscode-0.4.0/node_modules/dot-template-core/out/core/commands/Command.js:70:14)
	at new CreateDirectoriesCommand (/home/luciano/.vscode/extensions/qiu8310.dot-template-vscode-0.4.0/node_modules/dot-template-core/out/core/commands/CreateDirectoriesCommand.js:13:25)
	at /home/luciano/.vscode/extensions/qiu8310.dot-template-vscode-0.4.0/node_modules/dot-template-core/out/core/Commander.js:144:80
	at Commander.<anonymous> (/home/luciano/.vscode/extensions/qiu8310.dot-template-vscode-0.4.0/node_modules/dot-template-core/out/core/Commander.js:129:46)
	at step (/home/luciano/.vscode/extensions/qiu8310.dot-template-vscode-0.4.0/node_modules/dot-template-core/node_modules/tslib/tslib.js:133:27)
	at Object.next (/home/luciano/.vscode/extensions/qiu8310.dot-template-vscode-0.4.0/node_modules/dot-template-core/node_modules/tslib/tslib.js:114:57)
	at /home/luciano/.vscode/extensions/qiu8310.dot-template-vscode-0.4.0/node_modules/dot-template-core/node_modules/tslib/tslib.js:107:75
	at new Promise (<anonymous>)
	at Object.__awaiter (/home/luciano/.vscode/extensions/qiu8310.dot-template-vscode-0.4.0/node_modules/dot-template-core/node_modules/tslib/tslib.js:103:16)
	at Commander.wrap (/home/luciano/.vscode/extensions/qiu8310.dot-template-vscode-0.4.0/node_modules/dot-template-core/out/core/Commander.js:123:24)
	at Commander.<anonymous> (/home/luciano/.vscode/extensions/qiu8310.dot-template-vscode-0.4.0/node_modules/dot-template-core/out/core/Commander.js:144:44)
	at step (/home/luciano/.vscode/extensions/qiu8310.dot-template-vscode-0.4.0/node_modules/dot-template-core/node_modules/tslib/tslib.js:133:27)
	at Object.next (/home/luciano/.vscode/extensions/qiu8310.dot-template-vscode-0.4.0/node_modules/dot-template-core/node_modules/tslib/tslib.js:114:57)
	at /home/luciano/.vscode/extensions/qiu8310.dot-template-vscode-0.4.0/node_modules/dot-template-core/node_modules/tslib/tslib.js:107:75
	at new Promise (<anonymous>)
	at Object.__awaiter (/home/luciano/.vscode/extensions/qiu8310.dot-template-vscode-0.4.0/node_modules/dot-template-core/node_modules/tslib/tslib.js:103:16)
	at Commander.addCreateDirectoriesCommand (/home/luciano/.vscode/extensions/qiu8310.dot-template-vscode-0.4.0/node_modules/dot-template-core/out/core/Commander.js:141:24)
	at Application.<anonymous> (/home/luciano/.vscode/extensions/qiu8310.dot-template-vscode-0.4.0/node_modules/dot-template-core/out/core/Application.js:30:65)
	at step (/home/luciano/.vscode/extensions/qiu8310.dot-template-vscode-0.4.0/node_modules/dot-template-core/node_modules/tslib/tslib.js:133:27)
	at Object.next (/home/luciano/.vscode/extensions/qiu8310.dot-template-vscode-0.4.0/node_modules/dot-template-core/node_modules/tslib/tslib.js:114:57)
	at /home/luciano/.vscode/extensions/qiu8310.dot-template-vscode-0.4.0/node_modules/dot-template-core/node_modules/tslib/tslib.js:107:75
	at new Promise (<anonymous>)
	at Object.__awaiter (/home/luciano/.vscode/extensions/qiu8310.dot-template-vscode-0.4.0/node_modules/dot-template-core/node_modules/tslib/tslib.js:103:16)
	at Application.createDirectories (/home/luciano/.vscode/extensions/qiu8310.dot-template-vscode-0.4.0/node_modules/dot-template-core/out/core/Application.js:25:28)
	at Application.<anonymous> (/home/luciano/.vscode/extensions/qiu8310.dot-template-vscode-0.4.0/node_modules/dot-template-core/out/core/Application.js:118:51)
	at step (/home/luciano/.vscode/extensions/qiu8310.dot-template-vscode-0.4.0/node_modules/dot-template-core/node_modules/tslib/tslib.js:133:27)
	at Object.next (/home/luciano/.vscode/extensions/qiu8310.dot-template-vscode-0.4.0/node_modules/dot-template-core/node_modules/tslib/tslib.js:114:57)
	at fulfilled (/home/luciano/.vscode/extensions/qiu8310.dot-template-vscode-0.4.0/node_modules/dot-template-core/node_modules/tslib/tslib.js:104:62)